<?xml version="1.0" encoding="UTF-8"?>
<!-- Generated by org.testng.reporters.JUnitReportReporter -->
<testsuite hostname="Windows-01" failures="0" tests="1" name="testng.Testng11" time="5.310" errors="0" timestamp="2023-04-24T18:11:22 IST" skipped="0">
  <testcase classname="testng.Testng11" name="testcase" time="5.310"/>
  <system-out/>
</testsuite> <!-- testng.Testng11 -->
