<?xml version="1.0" encoding="UTF-8"?>
<!-- Generated by org.testng.reporters.JUnitReportReporter -->
<testsuite hostname="Windows-01" failures="0" tests="1" name="s_testcases.Logintest_s" time="10.120" errors="0" timestamp="2023-04-25T22:24:12 IST" skipped="0">
  <testcase classname="s_testcases.Logintest_s" name="AssertLogin" time="10.120"/>
  <system-out/>
</testsuite> <!-- s_testcases.Logintest_s -->
