<?xml version="1.0" encoding="UTF-8"?>
<!-- Generated by org.testng.reporters.JUnitReportReporter -->
<testsuite hostname="Windows-01" failures="0" tests="3" name="s_testcases.Logintest_s" time="28.335" errors="0" timestamp="2023-04-25T21:51:17 IST" skipped="0">
  <testcase classname="s_testcases.Logintest_s" name="DatafromExcel" time="9.593"/>
  <system-out/>
  <testcase classname="s_testcases.Logintest_s" name="SuccessLogin" time="9.482"/>
  <system-out/>
  <testcase classname="s_testcases.Logintest_s" name="AssertLogin" time="9.260"/>
  <system-out/>
</testsuite> <!-- s_testcases.Logintest_s -->
